{"contracts/InternalContracts/AdminControl.sol":{"l":{},"path":"/Users/panaw/Projects/conflux-fans/conflux-contracts/contracts/InternalContracts/AdminControl.sol","s":{},"b":{},"f":{"1":0,"2":0,"3":0},"fnMap":{"1":{"name":"getAdmin","line":10,"loc":{"start":{"line":10,"column":4},"end":{"line":10,"column":75}}},"2":{"name":"setAdmin","line":17,"loc":{"start":{"line":17,"column":4},"end":{"line":17,"column":70}}},"3":{"name":"destroy","line":23,"loc":{"start":{"line":23,"column":4},"end":{"line":23,"column":51}}}},"statementMap":{},"branchMap":{}},"contracts/InternalContracts/InternalContractsHandler.sol":{"l":{"15":0,"16":0,"20":0,"21":0,"22":0,"25":0,"26":0},"path":"/Users/panaw/Projects/conflux-fans/conflux-contracts/contracts/InternalContracts/InternalContractsHandler.sol","s":{"1":0,"2":0,"3":0,"4":0,"5":0,"6":0,"7":0},"b":{"1":[0,0],"2":[0,0]},"f":{"1":0},"fnMap":{"1":{"name":"constructor","line":14,"loc":{"start":{"line":14,"column":4},"end":{"line":27,"column":4}}}},"statementMap":{"1":{"start":{"line":15,"column":8},"end":{"line":15,"column":383}},"2":{"start":{"line":16,"column":12},"end":{"line":16,"column":18}},"3":{"start":{"line":20,"column":8},"end":{"line":20,"column":49}},"4":{"start":{"line":21,"column":8},"end":{"line":21,"column":28}},"5":{"start":{"line":22,"column":8},"end":{"line":22,"column":60}},"6":{"start":{"line":25,"column":8},"end":{"line":25,"column":74}},"7":{"start":{"line":26,"column":8},"end":{"line":26,"column":110}}},"branchMap":{"1":{"line":15,"type":"if","locations":[{"start":{"line":15,"column":8},"end":{"line":15,"column":8}},{"start":{"line":15,"column":8},"end":{"line":15,"column":8}}]},"2":{"line":26,"type":"if","locations":[{"start":{"line":26,"column":8},"end":{"line":26,"column":8}},{"start":{"line":26,"column":8},"end":{"line":26,"column":8}}]}}},"contracts/InternalContracts/InternalContractsLib.sol":{"l":{},"path":"/Users/panaw/Projects/conflux-fans/conflux-contracts/contracts/InternalContracts/InternalContractsLib.sol","s":{},"b":{},"f":{},"fnMap":{},"statementMap":{},"branchMap":{}},"contracts/InternalContracts/SponsorWhitelistControl.sol":{"l":{},"path":"/Users/panaw/Projects/conflux-fans/conflux-contracts/contracts/InternalContracts/SponsorWhitelistControl.sol","s":{},"b":{},"f":{"1":0,"2":0,"3":0,"4":0,"5":0,"6":0,"7":0,"8":0,"9":0,"10":0,"11":0,"12":0,"13":0},"fnMap":{"1":{"name":"getSponsorForGas","line":10,"loc":{"start":{"line":10,"column":4},"end":{"line":10,"column":83}}},"2":{"name":"getSponsoredBalanceForGas","line":16,"loc":{"start":{"line":16,"column":4},"end":{"line":16,"column":92}}},"3":{"name":"getSponsoredGasFeeUpperBound","line":22,"loc":{"start":{"line":22,"column":4},"end":{"line":22,"column":95}}},"4":{"name":"getSponsorForCollateral","line":28,"loc":{"start":{"line":28,"column":4},"end":{"line":28,"column":90}}},"5":{"name":"getSponsoredBalanceForCollateral","line":34,"loc":{"start":{"line":34,"column":4},"end":{"line":34,"column":99}}},"6":{"name":"isWhitelisted","line":41,"loc":{"start":{"line":41,"column":4},"end":{"line":41,"column":91}}},"7":{"name":"isAllWhitelisted","line":47,"loc":{"start":{"line":47,"column":4},"end":{"line":47,"column":80}}},"8":{"name":"addPrivilegeByAdmin","line":55,"loc":{"start":{"line":55,"column":4},"end":{"line":55,"column":91}}},"9":{"name":"removePrivilegeByAdmin","line":62,"loc":{"start":{"line":62,"column":4},"end":{"line":62,"column":94}}},"10":{"name":"setSponsorForGas","line":68,"loc":{"start":{"line":68,"column":4},"end":{"line":68,"column":88}}},"11":{"name":"setSponsorForCollateral","line":73,"loc":{"start":{"line":73,"column":4},"end":{"line":73,"column":75}}},"12":{"name":"addPrivilege","line":78,"loc":{"start":{"line":78,"column":4},"end":{"line":78,"column":52}}},"13":{"name":"removePrivilege","line":83,"loc":{"start":{"line":83,"column":4},"end":{"line":83,"column":55}}}},"statementMap":{},"branchMap":{}},"contracts/InternalContracts/Staking.sol":{"l":{},"path":"/Users/panaw/Projects/conflux-fans/conflux-contracts/contracts/InternalContracts/Staking.sol","s":{},"b":{},"f":{"1":0,"2":0,"3":0,"4":0,"5":0,"6":0},"fnMap":{"1":{"name":"getStakingBalance","line":10,"loc":{"start":{"line":10,"column":4},"end":{"line":10,"column":76}}},"2":{"name":"getLockedStakingBalance","line":21,"loc":{"start":{"line":21,"column":4},"end":{"line":21,"column":103}}},"3":{"name":"getVotePower","line":32,"loc":{"start":{"line":32,"column":4},"end":{"line":32,"column":92}}},"4":{"name":"deposit","line":34,"loc":{"start":{"line":34,"column":4},"end":{"line":34,"column":47}}},"5":{"name":"withdraw","line":36,"loc":{"start":{"line":36,"column":4},"end":{"line":36,"column":48}}},"6":{"name":"voteLock","line":38,"loc":{"start":{"line":38,"column":4},"end":{"line":38,"column":75}}}},"statementMap":{},"branchMap":{}},"contracts/token/CRC1155/extensions/CRC1155Enumerable.sol":{"l":{"25":0,"32":0,"39":0,"46":0,"53":0,"60":0,"74":0,"76":0,"77":0,"78":0,"81":0,"82":0,"86":0,"88":0,"89":0,"90":0,"92":0,"95":0,"99":0,"101":0,"102":0,"103":0,"107":0},"path":"/Users/panaw/Projects/conflux-fans/conflux-contracts/contracts/token/CRC1155/extensions/CRC1155Enumerable.sol","s":{"1":0,"2":0,"3":0,"4":0,"5":0,"6":0,"7":0,"8":0,"9":0,"10":0,"11":0,"12":0,"13":0,"14":0,"15":0,"16":0,"17":0,"18":0,"19":0,"20":0,"21":0,"22":0,"23":0,"24":0},"b":{"1":[0,0],"2":[0,0],"3":[0,0],"4":[0,0],"5":[0,0],"6":[0,0],"7":[0,0]},"f":{"1":0,"2":0,"3":0,"4":0,"5":0,"6":0,"7":0},"fnMap":{"1":{"name":"totalSupply","line":24,"loc":{"start":{"line":24,"column":4},"end":{"line":26,"column":4}}},"2":{"name":"tokenByIndex","line":31,"loc":{"start":{"line":31,"column":4},"end":{"line":33,"column":4}}},"3":{"name":"totalSupply","line":38,"loc":{"start":{"line":38,"column":4},"end":{"line":40,"column":4}}},"4":{"name":"exists","line":45,"loc":{"start":{"line":45,"column":4},"end":{"line":47,"column":4}}},"5":{"name":"tokenCountOf","line":52,"loc":{"start":{"line":52,"column":4},"end":{"line":54,"column":4}}},"6":{"name":"tokenOfOwnerByIndex","line":59,"loc":{"start":{"line":59,"column":4},"end":{"line":61,"column":4}}},"7":{"name":"_beforeTokenTransfer","line":66,"loc":{"start":{"line":66,"column":4},"end":{"line":110,"column":4}}}},"statementMap":{"1":{"start":{"line":25,"column":8},"end":{"line":25,"column":34}},"2":{"start":{"line":32,"column":8},"end":{"line":32,"column":35}},"3":{"start":{"line":39,"column":8},"end":{"line":39,"column":38}},"4":{"start":{"line":46,"column":8},"end":{"line":46,"column":42}},"5":{"start":{"line":53,"column":8},"end":{"line":53,"column":43}},"6":{"start":{"line":60,"column":8},"end":{"line":60,"column":44}},"7":{"start":{"line":74,"column":8},"end":{"line":74,"column":73}},"8":{"start":{"line":76,"column":8},"end":{"line":76,"column":2388}},"9":{"start":{"line":77,"column":12},"end":{"line":77,"column":36}},"10":{"start":{"line":78,"column":12},"end":{"line":78,"column":39}},"11":{"start":{"line":81,"column":12},"end":{"line":81,"column":2588}},"12":{"start":{"line":86,"column":12},"end":{"line":86,"column":2717}},"13":{"start":{"line":88,"column":16},"end":{"line":88,"column":56}},"14":{"start":{"line":89,"column":16},"end":{"line":89,"column":2851}},"15":{"start":{"line":90,"column":20},"end":{"line":90,"column":42}},"16":{"start":{"line":92,"column":16},"end":{"line":92,"column":56}},"17":{"start":{"line":93,"column":19},"end":{"line":93,"column":3007}},"18":{"start":{"line":95,"column":16},"end":{"line":95,"column":49}},"19":{"start":{"line":99,"column":12},"end":{"line":99,"column":3204}},"20":{"start":{"line":101,"column":16},"end":{"line":101,"column":48}},"21":{"start":{"line":102,"column":16},"end":{"line":102,"column":3329}},"22":{"start":{"line":103,"column":20},"end":{"line":103,"column":45}},"23":{"start":{"line":105,"column":19},"end":{"line":105,"column":3446}},"24":{"start":{"line":107,"column":16},"end":{"line":107,"column":44}}},"branchMap":{"1":{"line":81,"type":"if","locations":[{"start":{"line":81,"column":12},"end":{"line":81,"column":12}},{"start":{"line":81,"column":12},"end":{"line":81,"column":12}}]},"2":{"line":86,"type":"if","locations":[{"start":{"line":86,"column":12},"end":{"line":86,"column":12}},{"start":{"line":86,"column":12},"end":{"line":86,"column":12}}]},"3":{"line":89,"type":"if","locations":[{"start":{"line":89,"column":16},"end":{"line":89,"column":16}},{"start":{"line":89,"column":16},"end":{"line":89,"column":16}}]},"4":{"line":93,"type":"if","locations":[{"start":{"line":93,"column":19},"end":{"line":93,"column":19}},{"start":{"line":93,"column":19},"end":{"line":93,"column":19}}]},"5":{"line":99,"type":"if","locations":[{"start":{"line":99,"column":12},"end":{"line":99,"column":12}},{"start":{"line":99,"column":12},"end":{"line":99,"column":12}}]},"6":{"line":102,"type":"if","locations":[{"start":{"line":102,"column":16},"end":{"line":102,"column":16}},{"start":{"line":102,"column":16},"end":{"line":102,"column":16}}]},"7":{"line":105,"type":"if","locations":[{"start":{"line":105,"column":19},"end":{"line":105,"column":19}},{"start":{"line":105,"column":19},"end":{"line":105,"column":19}}]}}},"contracts/token/CRC1155/extensions/CRC1155Metadata.sol":{"l":{"12":0,"13":0,"20":0,"27":0},"path":"/Users/panaw/Projects/conflux-fans/conflux-contracts/contracts/token/CRC1155/extensions/CRC1155Metadata.sol","s":{"1":0,"2":0,"3":0,"4":0},"b":{},"f":{"1":0,"2":0,"3":0},"fnMap":{"1":{"name":"constructor","line":11,"loc":{"start":{"line":11,"column":4},"end":{"line":14,"column":4}}},"2":{"name":"name","line":19,"loc":{"start":{"line":19,"column":4},"end":{"line":21,"column":4}}},"3":{"name":"symbol","line":26,"loc":{"start":{"line":26,"column":4},"end":{"line":28,"column":4}}}},"statementMap":{"1":{"start":{"line":12,"column":8},"end":{"line":12,"column":24}},"2":{"start":{"line":13,"column":8},"end":{"line":13,"column":28}},"3":{"start":{"line":20,"column":8},"end":{"line":20,"column":20}},"4":{"start":{"line":27,"column":8},"end":{"line":27,"column":22}}},"branchMap":{}},"contracts/token/CRC1155/extensions/ICRC1155Enumerable.sol":{"l":{},"path":"/Users/panaw/Projects/conflux-fans/conflux-contracts/contracts/token/CRC1155/extensions/ICRC1155Enumerable.sol","s":{},"b":{},"f":{},"fnMap":{},"statementMap":{},"branchMap":{}},"contracts/token/CRC1155/extensions/ICRC1155Metadata.sol":{"l":{},"path":"/Users/panaw/Projects/conflux-fans/conflux-contracts/contracts/token/CRC1155/extensions/ICRC1155Metadata.sol","s":{},"b":{},"f":{},"fnMap":{},"statementMap":{},"branchMap":{}},"contracts/utils/Create2Factory.sol":{"l":{"20":0,"29":0,"30":0,"31":0,"37":0,"38":0,"39":0,"40":0},"path":"/Users/panaw/Projects/conflux-fans/conflux-contracts/contracts/utils/Create2Factory.sol","s":{"1":0,"2":0,"3":0,"4":0,"5":0,"6":0,"7":0},"b":{"1":[0,0],"2":[0,0]},"f":{"1":0,"2":0},"fnMap":{"1":{"name":"isDeployed","line":19,"loc":{"start":{"line":19,"column":4},"end":{"line":21,"column":4}}},"2":{"name":"deploy","line":28,"loc":{"start":{"line":28,"column":4},"end":{"line":41,"column":4}}}},"statementMap":{"1":{"start":{"line":20,"column":8},"end":{"line":20,"column":29}},"2":{"start":{"line":29,"column":8},"end":{"line":29,"column":20}},"3":{"start":{"line":30,"column":8},"end":{"line":30,"column":27}},"4":{"start":{"line":37,"column":8},"end":{"line":37,"column":41}},"5":{"start":{"line":38,"column":8},"end":{"line":38,"column":68}},"6":{"start":{"line":39,"column":8},"end":{"line":39,"column":28}},"7":{"start":{"line":40,"column":8},"end":{"line":40,"column":19}}},"branchMap":{"1":{"line":37,"type":"if","locations":[{"start":{"line":37,"column":8},"end":{"line":37,"column":8}},{"start":{"line":37,"column":8},"end":{"line":37,"column":8}}]},"2":{"line":38,"type":"if","locations":[{"start":{"line":38,"column":8},"end":{"line":38,"column":8}},{"start":{"line":38,"column":8},"end":{"line":38,"column":8}}]}}},"contracts/utils/ERC1820Context.sol":{"l":{"18":0,"22":0,"23":0,"25":0},"path":"/Users/panaw/Projects/conflux-fans/conflux-contracts/contracts/utils/ERC1820Context.sol","s":{"1":0,"2":0,"3":0,"4":0},"b":{"1":[0,0]},"f":{"1":0,"2":0},"fnMap":{"1":{"name":"_isCfxChain","line":17,"loc":{"start":{"line":17,"column":4},"end":{"line":19,"column":4}}},"2":{"name":"_erc1820Registry","line":21,"loc":{"start":{"line":21,"column":4},"end":{"line":27,"column":4}}}},"statementMap":{"1":{"start":{"line":18,"column":8},"end":{"line":18,"column":50}},"2":{"start":{"line":22,"column":8},"end":{"line":22,"column":724}},"3":{"start":{"line":23,"column":12},"end":{"line":23,"column":58}},"4":{"start":{"line":25,"column":12},"end":{"line":25,"column":58}}},"branchMap":{"1":{"line":22,"type":"if","locations":[{"start":{"line":22,"column":8},"end":{"line":22,"column":8}},{"start":{"line":22,"column":8},"end":{"line":22,"column":8}}]}}},"contracts/utils/Multicall.sol":{"l":{"28":0,"30":0,"32":0,"33":0,"34":0,"37":0,"43":0,"47":0,"49":0,"50":0,"53":0,"57":0,"59":0,"61":0,"62":0,"65":0,"69":0,"71":0,"72":0,"75":0,"83":0,"85":0,"86":0,"89":0,"97":0,"99":0,"100":0,"103":0,"107":0,"109":0,"110":0,"113":0},"path":"/Users/panaw/Projects/conflux-fans/conflux-contracts/contracts/utils/Multicall.sol","s":{"1":0,"2":0,"3":0,"4":0,"5":0,"6":0,"7":0,"8":0,"9":0,"10":0,"11":0,"12":0,"13":0,"14":0,"15":0,"16":0,"17":0,"18":0,"19":0,"20":0,"21":0,"22":0,"23":0,"24":0,"25":0,"26":0,"27":0,"28":0,"29":0,"30":0,"31":0},"b":{"1":[0,0],"2":[0,0],"3":[0,0],"4":[0,0]},"f":{"1":0,"2":0,"3":0,"4":0,"5":0,"6":0,"7":0},"fnMap":{"1":{"name":"_staticCall","line":23,"loc":{"start":{"line":23,"column":4},"end":{"line":44,"column":4}}},"2":{"name":"aggregate","line":46,"loc":{"start":{"line":46,"column":4},"end":{"line":54,"column":4}}},"3":{"name":"aggregate","line":56,"loc":{"start":{"line":56,"column":4},"end":{"line":66,"column":4}}},"4":{"name":"aggregate","line":68,"loc":{"start":{"line":68,"column":4},"end":{"line":76,"column":4}}},"5":{"name":"aggregate","line":78,"loc":{"start":{"line":78,"column":4},"end":{"line":90,"column":4}}},"6":{"name":"aggregate","line":92,"loc":{"start":{"line":92,"column":4},"end":{"line":104,"column":4}}},"7":{"name":"aggregate","line":106,"loc":{"start":{"line":106,"column":4},"end":{"line":114,"column":4}}}},"statementMap":{"1":{"start":{"line":28,"column":8},"end":{"line":28,"column":77}},"2":{"start":{"line":30,"column":8},"end":{"line":30,"column":73}},"3":{"start":{"line":32,"column":8},"end":{"line":32,"column":711}},"4":{"start":{"line":33,"column":12},"end":{"line":33,"column":761}},"5":{"start":{"line":34,"column":16},"end":{"line":34,"column":54}},"6":{"start":{"line":43,"column":8},"end":{"line":43,"column":42}},"7":{"start":{"line":47,"column":8},"end":{"line":47,"column":62}},"8":{"start":{"line":49,"column":8},"end":{"line":49,"column":1251}},"9":{"start":{"line":50,"column":12},"end":{"line":50,"column":74}},"10":{"start":{"line":53,"column":8},"end":{"line":53,"column":22}},"11":{"start":{"line":57,"column":8},"end":{"line":57,"column":91}},"12":{"start":{"line":59,"column":8},"end":{"line":59,"column":62}},"13":{"start":{"line":61,"column":8},"end":{"line":61,"column":1701}},"14":{"start":{"line":62,"column":12},"end":{"line":62,"column":78}},"15":{"start":{"line":65,"column":8},"end":{"line":65,"column":22}},"16":{"start":{"line":69,"column":8},"end":{"line":69,"column":58}},"17":{"start":{"line":71,"column":8},"end":{"line":71,"column":2025}},"18":{"start":{"line":72,"column":12},"end":{"line":72,"column":88}},"19":{"start":{"line":75,"column":8},"end":{"line":75,"column":22}},"20":{"start":{"line":83,"column":8},"end":{"line":83,"column":64}},"21":{"start":{"line":85,"column":8},"end":{"line":85,"column":2434}},"22":{"start":{"line":86,"column":12},"end":{"line":86,"column":73}},"23":{"start":{"line":89,"column":8},"end":{"line":89,"column":22}},"24":{"start":{"line":97,"column":8},"end":{"line":97,"column":64}},"25":{"start":{"line":99,"column":8},"end":{"line":99,"column":2842}},"26":{"start":{"line":100,"column":12},"end":{"line":100,"column":77}},"27":{"start":{"line":103,"column":8},"end":{"line":103,"column":22}},"28":{"start":{"line":107,"column":8},"end":{"line":107,"column":60}},"29":{"start":{"line":109,"column":8},"end":{"line":109,"column":3189}},"30":{"start":{"line":110,"column":12},"end":{"line":110,"column":87}},"31":{"start":{"line":113,"column":8},"end":{"line":113,"column":22}}},"branchMap":{"1":{"line":28,"type":"if","locations":[{"start":{"line":28,"column":8},"end":{"line":28,"column":8}},{"start":{"line":28,"column":8},"end":{"line":28,"column":8}}]},"2":{"line":32,"type":"if","locations":[{"start":{"line":32,"column":8},"end":{"line":32,"column":8}},{"start":{"line":32,"column":8},"end":{"line":32,"column":8}}]},"3":{"line":33,"type":"if","locations":[{"start":{"line":33,"column":12},"end":{"line":33,"column":12}},{"start":{"line":33,"column":12},"end":{"line":33,"column":12}}]},"4":{"line":57,"type":"if","locations":[{"start":{"line":57,"column":8},"end":{"line":57,"column":8}},{"start":{"line":57,"column":8},"end":{"line":57,"column":8}}]}}}}